[0.011s] Invoking command in '/home/lrm/ws01_plumbing/build/cpp05_names': CMAKE_PREFIX_PATH=${CMAKE_PREFIX_PATH}:/home/lrm/ws01_plumbing/install/py05_names:/home/lrm/ws01_plumbing/install/py04_param:/home/lrm/ws01_plumbing/install/py03_action:/home/lrm/ws01_plumbing/install/py02_service:/home/lrm/ws01_plumbing/install/py01_topic:/home/lrm/ws00_helloworld/install/pkg02_helloworld_py:/opt/ros/humble /usr/bin/cmake --build /home/lrm/ws01_plumbing/build/cpp05_names -- -j16 -l16
[0.066s] [ 50%] [32mBuilding CXX object CMakeFiles/demo01_names.dir/src/demo01_names.cpp.o[0m
[0.258s] [01m[K/home/lrm/ws01_plumbing/src/cpp05_names/src/demo01_names.cpp:13:10:[m[K [01;31m[Kfatal error: [m[Kstd_msgs/msg/string.hpp: æ²¡æœ‰é‚£ä¸ªæ–‡ä»¶æˆ–ç›®å½•
[0.258s]    13 | #include [01;31m[K"std_msgs/msg/string.hpp"[m[K
[0.258s]       |          [01;31m[K^~~~~~~~~~~~~~~~~~~~~~~~~[m[K
[0.258s] compilation terminated.
[0.270s] gmake[2]: *** [CMakeFiles/demo01_names.dir/build.make:76ï¼šCMakeFiles/demo01_names.dir/src/demo01_names.cpp.o] é”™è¯¯ 1
[0.270s] gmake[1]: *** [CMakeFiles/Makefile2:137ï¼šCMakeFiles/demo01_names.dir/all] é”™è¯¯ 2
[0.270s] gmake: *** [Makefile:146ï¼šall] é”™è¯¯ 2
[0.273s] Invoked command in '/home/lrm/ws01_plumbing/build/cpp05_names' returned '2': CMAKE_PREFIX_PATH=${CMAKE_PREFIX_PATH}:/home/lrm/ws01_plumbing/install/py05_names:/home/lrm/ws01_plumbing/install/py04_param:/home/lrm/ws01_plumbing/install/py03_action:/home/lrm/ws01_plumbing/install/py02_service:/home/lrm/ws01_plumbing/install/py01_topic:/home/lrm/ws00_helloworld/install/pkg02_helloworld_py:/opt/ros/humble /usr/bin/cmake --build /home/lrm/ws01_plumbing/build/cpp05_names -- -j16 -l16
