[0.020s] Invoking command in '/home/lrm/ws01_plumbing/build/cpp07_exercise': CMAKE_PREFIX_PATH=/home/lrm/ws01_plumbing/install/turtlesim:/home/lrm/ws01_plumbing/install/base_interfaces_demo:/home/lrm/ws01_plumbing/install/cpp07_exercise:/home/lrm/ws01_plumbing/install/cpp06_time:/home/lrm/ws01_plumbing/install/cpp05_names:/home/lrm/ws01_plumbing/install/cpp04_param:/home/lrm/ws01_plumbing/install/cpp03_action:/home/lrm/ws01_plumbing/install/cpp02_service:/home/lrm/ws01_plumbing/install/cpp01_topic:/home/lrm/ws00_helloworld/install/turtlesim:/home/lrm/ws00_helloworld/install/pkg03_hellovscode_cpp:/home/lrm/ws00_helloworld/install/pkg01_helloworld_cpp:/home/lrm/ws01_plumbing/install/py06_time:/home/lrm/ws01_plumbing/install/py05_names:/home/lrm/ws01_plumbing/install/py04_param:/home/lrm/ws01_plumbing/install/py03_action:/home/lrm/ws01_plumbing/install/py02_service:/home/lrm/ws01_plumbing/install/py01_topic:/home/lrm/ws00_helloworld/install/pkg02_helloworld_py:/opt/ros/humble /usr/bin/cmake --build /home/lrm/ws01_plumbing/build/cpp07_exercise -- -j16 -l16
[0.080s] [ 50%] [32mBuilding CXX object CMakeFiles/exer02_server.dir/src/exer02_server.cpp.o[0m
[0.080s] [ 50%] Built target exer01_pub_sub
[0.080s] [ 83%] Built target exer03_client
[2.251s] [01m[K/home/lrm/ws01_plumbing/src/cpp07_exercise/src/exer02_server.cpp:[m[K In constructor â€˜[01m[KExer02Server::Exer02Server()[m[Kâ€™:
[2.252s] [01m[K/home/lrm/ws01_plumbing/src/cpp07_exercise/src/exer02_server.cpp:31:136:[m[K [01;31m[Kerror: [m[Kno match for â€˜[01m[Koperator=[m[Kâ€™ (operand types are â€˜[01m[Krclcpp::Subscription<base_interfaces_demo::srv::Distance>::SharedPtr[m[Kâ€™ {aka â€˜[01m[Kstd::shared_ptr<rclcpp::Subscription<base_interfaces_demo::srv::Distance> >[m[Kâ€™} and â€˜[01m[Krclcpp::Service<base_interfaces_demo::srv::Distance>::SharedPtr[m[Kâ€™ {aka â€˜[01m[Kstd::shared_ptr<rclcpp::Service<base_interfaces_demo::srv::Distance> >[m[Kâ€™})
[2.252s]    31 |         server_ = this->create_service<base_interfaces_demo::srv::Distance>("distance",std::bind(&Exer02Server::distance_cb,this,_1,_2)[01;31m[K)[m[K;
[2.252s]       |                                                                                                                                        [01;31m[K^[m[K
[2.252s] In file included from [01m[K/usr/include/c++/11/memory:77[m[K,
[2.252s]                  from [01m[K/opt/ros/humble/include/rclcpp/rclcpp/rclcpp.hpp:153[m[K,
[2.252s]                  from [01m[K/home/lrm/ws01_plumbing/src/cpp07_exercise/src/exer02_server.cpp:15[m[K:
[2.252s] [01m[K/usr/include/c++/11/bits/shared_ptr.h:363:9:[m[K [01;36m[Knote: [m[Kcandidate: â€˜[01m[Ktemplate<class _Yp> std::shared_ptr<_Tp>::_Assignable<const std::shared_ptr<_Yp>&> std::shared_ptr<_Tp>::operator=(const std::shared_ptr<_Yp>&) [with _Yp = _Yp; _Tp = rclcpp::Subscription<base_interfaces_demo::srv::Distance>][m[Kâ€™
[2.252s]   363 |         [01;36m[Koperator[m[K=(const shared_ptr<_Yp>& __r) noexcept
[2.252s]       |         [01;36m[K^~~~~~~~[m[K
[2.252s] [01m[K/usr/include/c++/11/bits/shared_ptr.h:363:9:[m[K [01;36m[Knote: [m[K  template argument deduction/substitution failed:
[2.252s] /usr/include/c++/11/bits/shared_ptr.h: In substitution of â€˜[01m[Ktemplate<class _Tp> template<class _Arg> using _Assignable = typename std::enable_if<std::is_assignable<std::__shared_ptr<_Tp>&, _Arg>::value, std::shared_ptr<_Tp>&>::type [with _Arg = const std::shared_ptr<rclcpp::Service<base_interfaces_demo::srv::Distance> >&; _Tp = rclcpp::Subscription<base_interfaces_demo::srv::Distance>][m[Kâ€™:
[2.252s] [01m[K/usr/include/c++/11/bits/shared_ptr.h:363:2:[m[K   required by substitution of â€˜[01m[Ktemplate<class _Yp> std::shared_ptr<rclcpp::Subscription<base_interfaces_demo::srv::Distance> >::_Assignable<const std::shared_ptr<_Tp>&> std::shared_ptr<rclcpp::Subscription<base_interfaces_demo::srv::Distance> >::operator=<_Yp>(const std::shared_ptr<_Tp>&) [with _Yp = rclcpp::Service<base_interfaces_demo::srv::Distance>][m[Kâ€™
[2.252s] [01m[K/home/lrm/ws01_plumbing/src/cpp07_exercise/src/exer02_server.cpp:31:136:[m[K   required from here
[2.252s] [01m[K/usr/include/c++/11/bits/shared_ptr.h:130:15:[m[K [01;31m[Kerror: [m[Kno type named â€˜[01m[Ktype[m[Kâ€™ in â€˜[01m[Kstruct std::enable_if<false, std::shared_ptr<rclcpp::Subscription<base_interfaces_demo::srv::Distance> >&>[m[Kâ€™
[2.252s]   130 |         using [01;31m[K_Assignable[m[K = typename enable_if<
[2.252s]       |               [01;31m[K^~~~~~~~~~~[m[K
[2.252s] [01m[K/usr/include/c++/11/bits/shared_ptr.h:374:9:[m[K [01;36m[Knote: [m[Kcandidate: â€˜[01m[Ktemplate<class _Yp> std::shared_ptr<_Tp>::_Assignable<std::auto_ptr<_Up> > std::shared_ptr<_Tp>::operator=(std::auto_ptr<_Up>&&) [with _Yp = _Yp; _Tp = rclcpp::Subscription<base_interfaces_demo::srv::Distance>][m[Kâ€™
[2.252s]   374 |         [01;36m[Koperator[m[K=(auto_ptr<_Yp>&& __r)
[2.253s]       |         [01;36m[K^~~~~~~~[m[K
[2.253s] [01m[K/usr/include/c++/11/bits/shared_ptr.h:374:9:[m[K [01;36m[Knote: [m[K  template argument deduction/substitution failed:
[2.253s] [01m[K/home/lrm/ws01_plumbing/src/cpp07_exercise/src/exer02_server.cpp:31:136:[m[K [01;36m[Knote: [m[K  â€˜[01m[Krclcpp::Service<base_interfaces_demo::srv::Distance>::SharedPtr[m[Kâ€™ {aka â€˜[01m[Kstd::shared_ptr<rclcpp::Service<base_interfaces_demo::srv::Distance> >[m[Kâ€™} is not derived from â€˜[01m[Kstd::auto_ptr<_Up>[m[Kâ€™
[2.253s]    31 |         server_ = this->create_service<base_interfaces_demo::srv::Distance>("distance",std::bind(&Exer02Server::distance_cb,this,_1,_2)[01;36m[K)[m[K;
[2.253s]       |                                                                                                                                        [01;36m[K^[m[K
[2.253s] In file included from [01m[K/usr/include/c++/11/memory:77[m[K,
[2.253s]                  from [01m[K/opt/ros/humble/include/rclcpp/rclcpp/rclcpp.hpp:153[m[K,
[2.253s]                  from [01m[K/home/lrm/ws01_plumbing/src/cpp07_exercise/src/exer02_server.cpp:15[m[K:
[2.253s] [01m[K/usr/include/c++/11/bits/shared_ptr.h:391:9:[m[K [01;36m[Knote: [m[Kcandidate: â€˜[01m[Ktemplate<class _Yp> std::shared_ptr<_Tp>::_Assignable<std::shared_ptr<_Yp> > std::shared_ptr<_Tp>::operator=(std::shared_ptr<_Yp>&&) [with _Yp = _Yp; _Tp = rclcpp::Subscription<base_interfaces_demo::srv::Distance>][m[Kâ€™
[2.253s]   391 |         [01;36m[Koperator[m[K=(shared_ptr<_Yp>&& __r) noexcept
[2.253s]       |         [01;36m[K^~~~~~~~[m[K
[2.253s] [01m[K/usr/include/c++/11/bits/shared_ptr.h:391:9:[m[K [01;36m[Knote: [m[K  template argument deduction/substitution failed:
[2.253s] /usr/include/c++/11/bits/shared_ptr.h: In substitution of â€˜[01m[Ktemplate<class _Tp> template<class _Arg> using _Assignable = typename std::enable_if<std::is_assignable<std::__shared_ptr<_Tp>&, _Arg>::value, std::shared_ptr<_Tp>&>::type [with _Arg = std::shared_ptr<rclcpp::Service<base_interfaces_demo::srv::Distance> >; _Tp = rclcpp::Subscription<base_interfaces_demo::srv::Distance>][m[Kâ€™:
[2.253s] [01m[K/usr/include/c++/11/bits/shared_ptr.h:391:2:[m[K   required by substitution of â€˜[01m[Ktemplate<class _Yp> std::shared_ptr<rclcpp::Subscription<base_interfaces_demo::srv::Distance> >::_Assignable<std::shared_ptr<_Tp> > std::shared_ptr<rclcpp::Subscription<base_interfaces_demo::srv::Distance> >::operator=<_Yp>(std::shared_ptr<_Tp>&&) [with _Yp = rclcpp::Service<base_interfaces_demo::srv::Distance>][m[Kâ€™
[2.253s] [01m[K/home/lrm/ws01_plumbing/src/cpp07_exercise/src/exer02_server.cpp:31:136:[m[K   required from here
[2.253s] [01m[K/usr/include/c++/11/bits/shared_ptr.h:130:15:[m[K [01;31m[Kerror: [m[Kno type named â€˜[01m[Ktype[m[Kâ€™ in â€˜[01m[Kstruct std::enable_if<false, std::shared_ptr<rclcpp::Subscription<base_interfaces_demo::srv::Distance> >&>[m[Kâ€™
[2.253s]   130 |         using [01;31m[K_Assignable[m[K = typename enable_if<
[2.253s]       |               [01;31m[K^~~~~~~~~~~[m[K
[2.253s] [01m[K/usr/include/c++/11/bits/shared_ptr.h:399:9:[m[K [01;36m[Knote: [m[Kcandidate: â€˜[01m[Ktemplate<class _Yp, class _Del> std::shared_ptr<_Tp>::_Assignable<std::unique_ptr<_Up, _Ep> > std::shared_ptr<_Tp>::operator=(std::unique_ptr<_Up, _Ep>&&) [with _Yp = _Yp; _Del = _Del; _Tp = rclcpp::Subscription<base_interfaces_demo::srv::Distance>][m[Kâ€™
[2.253s]   399 |         [01;36m[Koperator[m[K=(unique_ptr<_Yp, _Del>&& __r)
[2.253s]       |         [01;36m[K^~~~~~~~[m[K
[2.254s] [01m[K/usr/include/c++/11/bits/shared_ptr.h:399:9:[m[K [01;36m[Knote: [m[K  template argument deduction/substitution failed:
[2.254s] [01m[K/home/lrm/ws01_plumbing/src/cpp07_exercise/src/exer02_server.cpp:31:136:[m[K [01;36m[Knote: [m[K  â€˜[01m[Krclcpp::Service<base_interfaces_demo::srv::Distance>::SharedPtr[m[Kâ€™ {aka â€˜[01m[Kstd::shared_ptr<rclcpp::Service<base_interfaces_demo::srv::Distance> >[m[Kâ€™} is not derived from â€˜[01m[Kstd::unique_ptr<_Tp, _Dp>[m[Kâ€™
[2.254s]    31 |         server_ = this->create_service<base_interfaces_demo::srv::Distance>("distance",std::bind(&Exer02Server::distance_cb,this,_1,_2)[01;36m[K)[m[K;
[2.254s]       |                                                                                                                                        [01;36m[K^[m[K
[2.254s] In file included from [01m[K/usr/include/c++/11/memory:77[m[K,
[2.254s]                  from [01m[K/opt/ros/humble/include/rclcpp/rclcpp/rclcpp.hpp:153[m[K,
[2.254s]                  from [01m[K/home/lrm/ws01_plumbing/src/cpp07_exercise/src/exer02_server.cpp:15[m[K:
[2.254s] [01m[K/usr/include/c++/11/bits/shared_ptr.h:359:19:[m[K [01;36m[Knote: [m[Kcandidate: â€˜[01m[Kstd::shared_ptr<_Tp>& std::shared_ptr<_Tp>::operator=(const std::shared_ptr<_Tp>&) [with _Tp = rclcpp::Subscription<base_interfaces_demo::srv::Distance>][m[Kâ€™
[2.254s]   359 |       shared_ptr& [01;36m[Koperator[m[K=(const shared_ptr&) noexcept = default;
[2.254s]       |                   [01;36m[K^~~~~~~~[m[K
[2.254s] [01m[K/usr/include/c++/11/bits/shared_ptr.h:359:29:[m[K [01;36m[Knote: [m[K  no known conversion for argument 1 from â€˜[01m[Krclcpp::Service<base_interfaces_demo::srv::Distance>::SharedPtr[m[Kâ€™ {aka â€˜[01m[Kstd::shared_ptr<rclcpp::Service<base_interfaces_demo::srv::Distance> >[m[Kâ€™} to â€˜[01m[Kconst std::shared_ptr<rclcpp::Subscription<base_interfaces_demo::srv::Distance> >&[m[Kâ€™
[2.254s]   359 |       shared_ptr& operator=([01;36m[Kconst shared_ptr&[m[K) noexcept = default;
[2.254s]       |                             [01;36m[K^~~~~~~~~~~~~~~~~[m[K
[2.254s] [01m[K/usr/include/c++/11/bits/shared_ptr.h:383:7:[m[K [01;36m[Knote: [m[Kcandidate: â€˜[01m[Kstd::shared_ptr<_Tp>& std::shared_ptr<_Tp>::operator=(std::shared_ptr<_Tp>&&) [with _Tp = rclcpp::Subscription<base_interfaces_demo::srv::Distance>][m[Kâ€™
[2.254s]   383 |       [01;36m[Koperator[m[K=(shared_ptr&& __r) noexcept
[2.254s]       |       [01;36m[K^~~~~~~~[m[K
[2.254s] [01m[K/usr/include/c++/11/bits/shared_ptr.h:383:30:[m[K [01;36m[Knote: [m[K  no known conversion for argument 1 from â€˜[01m[Krclcpp::Service<base_interfaces_demo::srv::Distance>::SharedPtr[m[Kâ€™ {aka â€˜[01m[Kstd::shared_ptr<rclcpp::Service<base_interfaces_demo::srv::Distance> >[m[Kâ€™} to â€˜[01m[Kstd::shared_ptr<rclcpp::Subscription<base_interfaces_demo::srv::Distance> >&&[m[Kâ€™
[2.254s]   383 |       operator=([01;36m[Kshared_ptr&& __r[m[K) noexcept
[2.254s]       |                 [01;36m[K~~~~~~~~~~~~~^~~[m[K
[4.643s] gmake[2]: *** [CMakeFiles/exer02_server.dir/build.make:76ï¼šCMakeFiles/exer02_server.dir/src/exer02_server.cpp.o] é”™è¯¯ 1
[4.643s] gmake[1]: *** [CMakeFiles/Makefile2:167ï¼šCMakeFiles/exer02_server.dir/all] é”™è¯¯ 2
[4.644s] gmake: *** [Makefile:146ï¼šall] é”™è¯¯ 2
[4.646s] Invoked command in '/home/lrm/ws01_plumbing/build/cpp07_exercise' returned '2': CMAKE_PREFIX_PATH=/home/lrm/ws01_plumbing/install/turtlesim:/home/lrm/ws01_plumbing/install/base_interfaces_demo:/home/lrm/ws01_plumbing/install/cpp07_exercise:/home/lrm/ws01_plumbing/install/cpp06_time:/home/lrm/ws01_plumbing/install/cpp05_names:/home/lrm/ws01_plumbing/install/cpp04_param:/home/lrm/ws01_plumbing/install/cpp03_action:/home/lrm/ws01_plumbing/install/cpp02_service:/home/lrm/ws01_plumbing/install/cpp01_topic:/home/lrm/ws00_helloworld/install/turtlesim:/home/lrm/ws00_helloworld/install/pkg03_hellovscode_cpp:/home/lrm/ws00_helloworld/install/pkg01_helloworld_cpp:/home/lrm/ws01_plumbing/install/py06_time:/home/lrm/ws01_plumbing/install/py05_names:/home/lrm/ws01_plumbing/install/py04_param:/home/lrm/ws01_plumbing/install/py03_action:/home/lrm/ws01_plumbing/install/py02_service:/home/lrm/ws01_plumbing/install/py01_topic:/home/lrm/ws00_helloworld/install/pkg02_helloworld_py:/opt/ros/humble /usr/bin/cmake --build /home/lrm/ws01_plumbing/build/cpp07_exercise -- -j16 -l16
