[0.012s] Invoking command in '/home/lrm/ws01_plumbing/build/cpp01_topic': CMAKE_PREFIX_PATH=/home/lrm/ws01_plumbing/install/base_interfaces_demo:/home/lrm/ws01_plumbing/install/cpp01_topic:/home/lrm/ws00_helloworld/install/turtlesim:/home/lrm/ws00_helloworld/install/pkg03_hellovscode_cpp:/home/lrm/ws00_helloworld/install/pkg01_helloworld_cpp:/home/lrm/ws01_plumbing/install/py01_topic:/home/lrm/ws00_helloworld/install/pkg02_helloworld_py:/opt/ros/humble /usr/bin/cmake --build /home/lrm/ws01_plumbing/build/cpp01_topic -- -j16 -l16
[0.051s] [35m[1mConsolidate compiler generated dependencies of target demo04_listener_stu[0m
[0.051s] [35m[1mConsolidate compiler generated dependencies of target demo02_listener_str[0m
[0.051s] [35m[1mConsolidate compiler generated dependencies of target demo01_talker_str[0m
[0.051s] [35m[1mConsolidate compiler generated dependencies of target demo03_talker_stu[0m
[0.069s] [ 87%] Built target demo02_listener_str
[0.069s] [ 87%] [32mBuilding CXX object CMakeFiles/demo03_talker_stu.dir/src/demo03_talker_stu.cpp.o[0m
[0.069s] [ 87%] Built target demo04_listener_stu
[0.069s] [ 87%] Built target demo01_talker_str
[1.921s] In file included from [01m[K/opt/ros/humble/include/rclcpp/rclcpp/logging.hpp:24[m[K,
[1.921s]                  from [01m[K/opt/ros/humble/include/rclcpp/rclcpp/client.hpp:40[m[K,
[1.921s]                  from [01m[K/opt/ros/humble/include/rclcpp/rclcpp/callback_group.hpp:24[m[K,
[1.921s]                  from [01m[K/opt/ros/humble/include/rclcpp/rclcpp/any_executable.hpp:20[m[K,
[1.921s]                  from [01m[K/opt/ros/humble/include/rclcpp/rclcpp/memory_strategy.hpp:25[m[K,
[1.921s]                  from [01m[K/opt/ros/humble/include/rclcpp/rclcpp/memory_strategies.hpp:18[m[K,
[1.921s]                  from [01m[K/opt/ros/humble/include/rclcpp/rclcpp/executor_options.hpp:20[m[K,
[1.921s]                  from [01m[K/opt/ros/humble/include/rclcpp/rclcpp/executor.hpp:37[m[K,
[1.921s]                  from [01m[K/opt/ros/humble/include/rclcpp/rclcpp/executors/multi_threaded_executor.hpp:25[m[K,
[1.922s]                  from [01m[K/opt/ros/humble/include/rclcpp/rclcpp/executors.hpp:21[m[K,
[1.922s]                  from [01m[K/opt/ros/humble/include/rclcpp/rclcpp/rclcpp.hpp:155[m[K,
[1.922s]                  from [01m[K/home/lrm/ws01_plumbing/src/cpp01_topic/src/demo03_talker_stu.cpp:15[m[K:
[1.922s] [01m[K/home/lrm/ws01_plumbing/src/cpp01_topic/src/demo03_talker_stu.cpp:[m[K In member function ‚Äò[01m[Kvoid TalkerStu::on_timer()[m[K‚Äô:
[1.922s] [01m[K/home/lrm/ws01_plumbing/src/cpp01_topic/src/demo03_talker_stu.cpp:44:77:[m[K [01;31m[Kerror: [m[Kinvalid use of non-static member function ‚Äò[01m[Kconst _CharT* std::__cxx11::basic_string<_CharT, _Traits, _Alloc>::c_str() const [with _CharT = char; _Traits = std::char_traits<char>; _Alloc = std::allocator<char>][m[K‚Äô
[1.922s]    44 |         RCLCPP_INFO(this->get_logger(),"ÂèëÂ∏ÉÁöÑÊ∂àÊÅØÔºöÔºà%s,%d,%.2f)",[01;31m[Kstu.name.c_str[m[K,stu.age,stu.height);
[1.922s]       |                                                                    [01;31m[K~~~~~~~~~^~~~~[m[K
[1.922s] In file included from [01m[K/usr/include/c++/11/string:55[m[K,
[1.922s]                  from [01m[K/usr/include/c++/11/stdexcept:39[m[K,
[1.922s]                  from [01m[K/usr/include/c++/11/system_error:41[m[K,
[1.922s]                  from [01m[K/usr/include/c++/11/mutex:42[m[K,
[1.922s]                  from [01m[K/usr/include/c++/11/future:38[m[K,
[1.922s]                  from [01m[K/opt/ros/humble/include/rclcpp/rclcpp/executors.hpp:18[m[K,
[1.922s]                  from [01m[K/opt/ros/humble/include/rclcpp/rclcpp/rclcpp.hpp:155[m[K,
[1.922s]                  from [01m[K/home/lrm/ws01_plumbing/src/cpp01_topic/src/demo03_talker_stu.cpp:15[m[K:
[1.922s] [01m[K/usr/include/c++/11/bits/basic_string.h:2320:7:[m[K [01;36m[Knote: [m[Kdeclared here
[1.922s]  2320 |       [01;36m[Kc_str[m[K() const _GLIBCXX_NOEXCEPT
[1.923s]       |       [01;36m[K^~~~~[m[K
[2.561s] gmake[2]: *** [CMakeFiles/demo03_talker_stu.dir/build.make:76ÔºöCMakeFiles/demo03_talker_stu.dir/src/demo03_talker_stu.cpp.o] ÈîôËØØ 1
[2.561s] gmake[1]: *** [CMakeFiles/Makefile2:195ÔºöCMakeFiles/demo03_talker_stu.dir/all] ÈîôËØØ 2
[2.561s] gmake: *** [Makefile:146Ôºöall] ÈîôËØØ 2
[2.564s] Invoked command in '/home/lrm/ws01_plumbing/build/cpp01_topic' returned '2': CMAKE_PREFIX_PATH=/home/lrm/ws01_plumbing/install/base_interfaces_demo:/home/lrm/ws01_plumbing/install/cpp01_topic:/home/lrm/ws00_helloworld/install/turtlesim:/home/lrm/ws00_helloworld/install/pkg03_hellovscode_cpp:/home/lrm/ws00_helloworld/install/pkg01_helloworld_cpp:/home/lrm/ws01_plumbing/install/py01_topic:/home/lrm/ws00_helloworld/install/pkg02_helloworld_py:/opt/ros/humble /usr/bin/cmake --build /home/lrm/ws01_plumbing/build/cpp01_topic -- -j16 -l16
