[0.015s] Invoking command in '/home/lrm/ws01_plumbing/build/cpp07_exercise': CMAKE_PREFIX_PATH=/home/lrm/ws01_plumbing/install/turtlesim:/home/lrm/ws01_plumbing/install/base_interfaces_demo:/home/lrm/ws01_plumbing/install/cpp07_exercise:/home/lrm/ws01_plumbing/install/cpp06_time:/home/lrm/ws01_plumbing/install/cpp05_names:/home/lrm/ws01_plumbing/install/cpp04_param:/home/lrm/ws01_plumbing/install/cpp03_action:/home/lrm/ws01_plumbing/install/cpp02_service:/home/lrm/ws01_plumbing/install/cpp01_topic:/home/lrm/ws00_helloworld/install/turtlesim:/home/lrm/ws00_helloworld/install/pkg03_hellovscode_cpp:/home/lrm/ws00_helloworld/install/pkg01_helloworld_cpp:/home/lrm/ws01_plumbing/install/py06_time:/home/lrm/ws01_plumbing/install/py05_names:/home/lrm/ws01_plumbing/install/py04_param:/home/lrm/ws01_plumbing/install/py03_action:/home/lrm/ws01_plumbing/install/py02_service:/home/lrm/ws01_plumbing/install/py01_topic:/home/lrm/ws00_helloworld/install/pkg02_helloworld_py:/opt/ros/humble /usr/bin/cmake --build /home/lrm/ws01_plumbing/build/cpp07_exercise -- -j16 -l16
[0.038s] -- Found ament_cmake: 1.3.12 (/opt/ros/humble/share/ament_cmake/cmake)
[0.143s] -- Found rclcpp: 16.0.16 (/opt/ros/humble/share/rclcpp/cmake)
[0.164s] -- Found rosidl_generator_c: 3.1.7 (/opt/ros/humble/share/rosidl_generator_c/cmake)
[0.166s] -- Found rosidl_adapter: 3.1.7 (/opt/ros/humble/share/rosidl_adapter/cmake)
[0.170s] -- Found rosidl_generator_cpp: 3.1.7 (/opt/ros/humble/share/rosidl_generator_cpp/cmake)
[0.178s] -- Using all available rosidl_typesupport_c: rosidl_typesupport_fastrtps_c;rosidl_typesupport_introspection_c
[0.187s] -- Using all available rosidl_typesupport_cpp: rosidl_typesupport_fastrtps_cpp;rosidl_typesupport_introspection_cpp
[0.212s] -- Found rmw_implementation_cmake: 6.1.2 (/opt/ros/humble/share/rmw_implementation_cmake/cmake)
[0.213s] -- Found rmw_fastrtps_cpp: 6.2.9 (/opt/ros/humble/share/rmw_fastrtps_cpp/cmake)
[0.305s] -- Using RMW implementation 'rmw_fastrtps_cpp' as default
[0.339s] -- Found turtlesim: 1.4.3 (/home/lrm/ws00_helloworld/install/turtlesim/share/turtlesim/cmake)
[0.366s] -- Found base_interfaces_demo: 0.0.0 (/home/lrm/ws01_plumbing/install/base_interfaces_demo/share/base_interfaces_demo/cmake)
[0.375s] -- Found geometry_msgs: 4.9.0 (/opt/ros/humble/share/geometry_msgs/cmake)
[0.384s] -- Found rclcpp_action: 16.0.16 (/opt/ros/humble/share/rclcpp_action/cmake)
[0.402s] -- Found ament_lint_auto: 0.12.14 (/opt/ros/humble/share/ament_lint_auto/cmake)
[0.484s] -- Added test 'cppcheck' to perform static code analysis on C / C++ code
[0.484s] -- Configured cppcheck include dirs: $<BUILD_INTERFACE:/home/lrm/ws01_plumbing/src/cpp07_exercise/include>
[0.484s] -- Configured cppcheck exclude dirs and/or files: 
[0.485s] -- Added test 'flake8' to check Python code syntax and style conventions
[0.485s] -- Added test 'lint_cmake' to check CMake code style
[0.485s] -- Added test 'pep257' to check Python code against some of the docstring style conventions in PEP 257
[0.486s] -- Added test 'uncrustify' to check C / C++ code style
[0.486s] -- Configured uncrustify additional arguments: 
[0.487s] -- Added test 'xmllint' to check XML markup files
[0.487s] -- Configuring done
[0.513s] -- Generating done
[0.522s] -- Build files have been written to: /home/lrm/ws01_plumbing/build/cpp07_exercise
[0.562s] [35m[1mConsolidate compiler generated dependencies of target exer02_server[0m
[0.563s] [35m[1mConsolidate compiler generated dependencies of target exer03_client[0m
[0.563s] [35m[1mConsolidate compiler generated dependencies of target exer01_pub_sub[0m
[0.576s] [ 20%] [32mBuilding CXX object CMakeFiles/exer04_action_server.dir/src/exer04_action_server.cpp.o[0m
[0.577s] [ 20%] [32mBuilding CXX object CMakeFiles/exer05_action_client.dir/src/exer05_action_client.cpp.o[0m
[0.586s] [ 80%] Built target exer03_client
[0.587s] [ 80%] Built target exer02_server
[0.587s] [ 80%] Built target exer01_pub_sub
[2.989s] [01m[K/home/lrm/ws01_plumbing/src/cpp07_exercise/src/exer05_action_client.cpp:[m[K In function ‚Äò[01m[Kint main(int, const char**)[m[K‚Äô:
[2.989s] [01m[K/home/lrm/ws01_plumbing/src/cpp07_exercise/src/exer05_action_client.cpp:113:14:[m[K [01;31m[Kerror: [m[Kexpected ‚Äò[01m[K}[m[K‚Äô at end of input
[2.989s]   113 |     return 0;
[2.989s]       |              [01;31m[K^[m[K
[2.989s] [01m[K/home/lrm/ws01_plumbing/src/cpp07_exercise/src/exer05_action_client.cpp:97:1:[m[K [01;36m[Knote: [m[Kto match this ‚Äò[01m[K{[m[K‚Äô
[2.989s]    97 | [01;36m[K{[m[K
[2.989s]       | [01;36m[K^[m[K
[3.062s] [01m[K/home/lrm/ws01_plumbing/src/cpp07_exercise/src/exer04_action_server.cpp:[m[K In function ‚Äò[01m[Kint main(int, const char**)[m[K‚Äô:
[3.062s] [01m[K/home/lrm/ws01_plumbing/src/cpp07_exercise/src/exer04_action_server.cpp:148:14:[m[K [01;31m[Kerror: [m[Kexpected ‚Äò[01m[K}[m[K‚Äô at end of input
[3.062s]   148 |     return 0;
[3.062s]       |              [01;31m[K^[m[K
[3.062s] [01m[K/home/lrm/ws01_plumbing/src/cpp07_exercise/src/exer04_action_server.cpp:141:1:[m[K [01;36m[Knote: [m[Kto match this ‚Äò[01m[K{[m[K‚Äô
[3.062s]   141 | [01;36m[K{[m[K
[3.062s]       | [01;36m[K^[m[K
[3.713s] gmake[2]: *** [CMakeFiles/exer05_action_client.dir/build.make:76ÔºöCMakeFiles/exer05_action_client.dir/src/exer05_action_client.cpp.o] ÈîôËØØ 1
[3.713s] gmake[1]: *** [CMakeFiles/Makefile2:249ÔºöCMakeFiles/exer05_action_client.dir/all] ÈîôËØØ 2
[3.714s] gmake[1]: *** Ê≠£Âú®Á≠âÂæÖÊú™ÂÆåÊàêÁöÑ‰ªªÂä°....
[5.778s] gmake[2]: *** [CMakeFiles/exer04_action_server.dir/build.make:76ÔºöCMakeFiles/exer04_action_server.dir/src/exer04_action_server.cpp.o] ÈîôËØØ 1
[5.779s] gmake[1]: *** [CMakeFiles/Makefile2:223ÔºöCMakeFiles/exer04_action_server.dir/all] ÈîôËØØ 2
[5.779s] gmake: *** [Makefile:146Ôºöall] ÈîôËØØ 2
[5.781s] Invoked command in '/home/lrm/ws01_plumbing/build/cpp07_exercise' returned '2': CMAKE_PREFIX_PATH=/home/lrm/ws01_plumbing/install/turtlesim:/home/lrm/ws01_plumbing/install/base_interfaces_demo:/home/lrm/ws01_plumbing/install/cpp07_exercise:/home/lrm/ws01_plumbing/install/cpp06_time:/home/lrm/ws01_plumbing/install/cpp05_names:/home/lrm/ws01_plumbing/install/cpp04_param:/home/lrm/ws01_plumbing/install/cpp03_action:/home/lrm/ws01_plumbing/install/cpp02_service:/home/lrm/ws01_plumbing/install/cpp01_topic:/home/lrm/ws00_helloworld/install/turtlesim:/home/lrm/ws00_helloworld/install/pkg03_hellovscode_cpp:/home/lrm/ws00_helloworld/install/pkg01_helloworld_cpp:/home/lrm/ws01_plumbing/install/py06_time:/home/lrm/ws01_plumbing/install/py05_names:/home/lrm/ws01_plumbing/install/py04_param:/home/lrm/ws01_plumbing/install/py03_action:/home/lrm/ws01_plumbing/install/py02_service:/home/lrm/ws01_plumbing/install/py01_topic:/home/lrm/ws00_helloworld/install/pkg02_helloworld_py:/opt/ros/humble /usr/bin/cmake --build /home/lrm/ws01_plumbing/build/cpp07_exercise -- -j16 -l16
