[ 75%] Built target demo02_action_client
[ 75%] [32mBuilding CXX object CMakeFiles/demo01_action_server.dir/src/demo01_action_server.cpp.o[0m
In file included from [01m[K/opt/ros/humble/include/rclcpp/rclcpp/client.hpp:40[m[K,
                 from [01m[K/opt/ros/humble/include/rclcpp/rclcpp/callback_group.hpp:24[m[K,
                 from [01m[K/opt/ros/humble/include/rclcpp/rclcpp/any_executable.hpp:20[m[K,
                 from [01m[K/opt/ros/humble/include/rclcpp/rclcpp/memory_strategy.hpp:25[m[K,
                 from [01m[K/opt/ros/humble/include/rclcpp/rclcpp/memory_strategies.hpp:18[m[K,
                 from [01m[K/opt/ros/humble/include/rclcpp/rclcpp/executor_options.hpp:20[m[K,
                 from [01m[K/opt/ros/humble/include/rclcpp/rclcpp/executor.hpp:37[m[K,
                 from [01m[K/opt/ros/humble/include/rclcpp/rclcpp/executors/multi_threaded_executor.hpp:25[m[K,
                 from [01m[K/opt/ros/humble/include/rclcpp/rclcpp/executors.hpp:21[m[K,
                 from [01m[K/opt/ros/humble/include/rclcpp/rclcpp/rclcpp.hpp:155[m[K,
                 from [01m[K/home/lrm/ws01_plumbing/src/cpp03_action/src/demo01_action_server.cpp:24[m[K:
[01m[K/home/lrm/ws01_plumbing/src/cpp03_action/src/demo01_action_server.cpp:70:9:[m[K [01;31m[Kerror: [m[Kexpected unqualified-id before â€˜[01m[Kdo[m[Kâ€™
   70 |         [01;31m[KRCLCPP_INFO[m[K(this->get_logger(),"æäº¤çš„å€¼åˆæ³•");
      |         [01;31m[K^~~~~~~~~~~[m[K
[01m[K/home/lrm/ws01_plumbing/src/cpp03_action/src/demo01_action_server.cpp:70:9:[m[K [01;31m[Kerror: [m[Kexpected unqualified-id before â€˜[01m[Kwhile[m[Kâ€™
   70 |         [01;31m[KRCLCPP_INFO[m[K(this->get_logger(),"æäº¤çš„å€¼åˆæ³•");
      |         [01;31m[K^~~~~~~~~~~[m[K
[01m[K/home/lrm/ws01_plumbing/src/cpp03_action/src/demo01_action_server.cpp:71:9:[m[K [01;31m[Kerror: [m[Kexpected unqualified-id before â€˜[01m[Kreturn[m[Kâ€™
   71 |         [01;31m[Kreturn[m[K rclcpp_action::GoalResponse::ACCEPT_AND_EXECUTE;
      |         [01;31m[K^~~~~~[m[K
[01m[K/home/lrm/ws01_plumbing/src/cpp03_action/src/demo01_action_server.cpp:[m[K In constructor â€˜[01m[KProgressActionServer::ProgressActionServer()[m[Kâ€™:
[01m[K/home/lrm/ws01_plumbing/src/cpp03_action/src/demo01_action_server.cpp:47:9:[m[K [01;31m[Kerror: [m[Kâ€˜[01m[Kserver_[m[Kâ€™ was not declared in this scope
   47 |         [01;31m[Kserver_[m[K = rclcpp_action::create_server<Progress>(
      |         [01;31m[K^~~~~~~[m[K
[01m[K/home/lrm/ws01_plumbing/src/cpp03_action/src/demo01_action_server.cpp:51:46:[m[K [01;31m[Kerror: [m[Kâ€˜[01m[Khandle_cancel[m[Kâ€™ is not a member of â€˜[01m[KProgressActionServer[m[Kâ€™
   51 |             std::bind(&ProgressActionServer::[01;31m[Khandle_cancel[m[K,this,_1),
      |                                              [01;31m[K^~~~~~~~~~~~~[m[K
[01m[K/home/lrm/ws01_plumbing/src/cpp03_action/src/demo01_action_server.cpp:52:46:[m[K [01;31m[Kerror: [m[Kâ€˜[01m[Khandle_accepted[m[Kâ€™ is not a member of â€˜[01m[KProgressActionServer[m[Kâ€™
   52 |             std::bind(&ProgressActionServer::[01;31m[Khandle_accepted[m[K,this,_1)
      |                                              [01;31m[K^~~~~~~~~~~~~~~[m[K
[01m[K/home/lrm/ws01_plumbing/src/cpp03_action/src/demo01_action_server.cpp:[m[K In member function â€˜[01m[Krclcpp_action::GoalResponse ProgressActionServer::handle_goal(const GoalUUID&, std::shared_ptr<const base_interfaces_demo::action::Progress_Goal_<std::allocator<void> > >)[m[Kâ€™:
[01m[K/home/lrm/ws01_plumbing/src/cpp03_action/src/demo01_action_server.cpp:65:12:[m[K [01;31m[Kerror: [m[Kâ€˜[01m[Kgoal[m[Kâ€™ was not declared in this scope
   65 |         if([01;31m[Kgoal[m[K->num <= 1){
      |            [01;31m[K^~~~[m[K
[01m[K/home/lrm/ws01_plumbing/src/cpp03_action/src/demo01_action_server.cpp:[m[K At global scope:
[01m[K/home/lrm/ws01_plumbing/src/cpp03_action/src/demo01_action_server.cpp:78:35:[m[K [01;31m[Kerror: [m[Kexpected initializer before â€˜[01m[Khandle_cancel[m[Kâ€™
   78 |     rclcpp_action::CancelResponse [01;31m[Khandle_cancel[m[K(std::shared_ptr<rclcpp_action::ServerGoalHandle<Progress>> goal_handle)
      |                                   [01;31m[K^~~~~~~~~~~~~[m[K
[01m[K/home/lrm/ws01_plumbing/src/cpp03_action/src/demo01_action_server.cpp:[m[K In function â€˜[01m[Kvoid handle_accepted(std::shared_ptr<rclcpp_action::ServerGoalHandle<base_interfaces_demo::action::Progress> >)[m[Kâ€™:
[01m[K/home/lrm/ws01_plumbing/src/cpp03_action/src/demo01_action_server.cpp:88:85:[m[K [01;35m[Kwarning: [m[Kunused parameter â€˜[01m[Kgoal_handle[m[Kâ€™ [[01;35m[K]8;;https://gcc.gnu.org/onlinedocs/gcc/Warning-Options.html#index-Wunused-parameter-Wunused-parameter]8;;[m[K]
   88 |     void handle_accepted([01;35m[Kstd::shared_ptr<rclcpp_action::ServerGoalHandle<Progress>> goal_handle[m[K)
      |                          [01;35m[K~~~~~~~~~~~~~~~~~~~~~~~~~~~~~~~~~~~~~~~~~~~~~~~~~~~~~~~~~~~^~~~~~~~~~~[m[K
[01m[K/home/lrm/ws01_plumbing/src/cpp03_action/src/demo01_action_server.cpp:[m[K At global scope:
[01m[K/home/lrm/ws01_plumbing/src/cpp03_action/src/demo01_action_server.cpp:96:1:[m[K [01;31m[Kerror: [m[Kexpected unqualified-id before â€˜[01m[Kprivate[m[Kâ€™
   96 | [01;31m[Kprivate[m[K:
      | [01;31m[K^~~~~~~[m[K
[01m[K/home/lrm/ws01_plumbing/src/cpp03_action/src/demo01_action_server.cpp:98:1:[m[K [01;31m[Kerror: [m[Kexpected declaration before â€˜[01m[K}[m[Kâ€™ token
   98 | [01;31m[K}[m[K;
      | [01;31m[K^[m[K
gmake[2]: *** [CMakeFiles/demo01_action_server.dir/build.make:76ï¼šCMakeFiles/demo01_action_server.dir/src/demo01_action_server.cpp.o] é”™è¯¯ 1
gmake[1]: *** [CMakeFiles/Makefile2:139ï¼šCMakeFiles/demo01_action_server.dir/all] é”™è¯¯ 2
gmake: *** [Makefile:146ï¼šall] é”™è¯¯ 2
