[0.016s] Invoking command in '/home/lrm/ws01_plumbing/build/cpp03_action': AMENT_PREFIX_PATH=/home/lrm/ws01_plumbing/install/base_interfaces_demo:${AMENT_PREFIX_PATH} CMAKE_PREFIX_PATH=/home/lrm/ws01_plumbing/install/base_interfaces_demo:/home/lrm/ws00_helloworld/install/turtlesim:/home/lrm/ws00_helloworld/install/pkg03_hellovscode_cpp:/home/lrm/ws00_helloworld/install/pkg01_helloworld_cpp:/home/lrm/ws00_helloworld/install/pkg02_helloworld_py:/opt/ros/humble LD_LIBRARY_PATH=/home/lrm/ws01_plumbing/install/base_interfaces_demo/lib:${LD_LIBRARY_PATH} PYTHONPATH=/home/lrm/ws01_plumbing/install/base_interfaces_demo/local/lib/python3.10/dist-packages:${PYTHONPATH} /usr/bin/cmake --build /home/lrm/ws01_plumbing/build/cpp03_action -- -j16 -l16
[0.102s] [ 75%] Built target demo02_action_client
[0.102s] [ 75%] [32mBuilding CXX object CMakeFiles/demo01_action_server.dir/src/demo01_action_server.cpp.o[0m
[3.536s] In file included from [01m[K/opt/ros/humble/include/rclcpp/rclcpp/client.hpp:40[m[K,
[3.536s]                  from [01m[K/opt/ros/humble/include/rclcpp/rclcpp/callback_group.hpp:24[m[K,
[3.537s]                  from [01m[K/opt/ros/humble/include/rclcpp/rclcpp/any_executable.hpp:20[m[K,
[3.537s]                  from [01m[K/opt/ros/humble/include/rclcpp/rclcpp/memory_strategy.hpp:25[m[K,
[3.537s]                  from [01m[K/opt/ros/humble/include/rclcpp/rclcpp/memory_strategies.hpp:18[m[K,
[3.537s]                  from [01m[K/opt/ros/humble/include/rclcpp/rclcpp/executor_options.hpp:20[m[K,
[3.537s]                  from [01m[K/opt/ros/humble/include/rclcpp/rclcpp/executor.hpp:37[m[K,
[3.537s]                  from [01m[K/opt/ros/humble/include/rclcpp/rclcpp/executors/multi_threaded_executor.hpp:25[m[K,
[3.537s]                  from [01m[K/opt/ros/humble/include/rclcpp/rclcpp/executors.hpp:21[m[K,
[3.537s]                  from [01m[K/opt/ros/humble/include/rclcpp/rclcpp/rclcpp.hpp:155[m[K,
[3.537s]                  from [01m[K/home/lrm/ws01_plumbing/src/cpp03_action/src/demo01_action_server.cpp:24[m[K:
[3.538s] [01m[K/home/lrm/ws01_plumbing/src/cpp03_action/src/demo01_action_server.cpp:70:9:[m[K [01;31m[Kerror: [m[Kexpected unqualified-id before ‚Äò[01m[Kdo[m[K‚Äô
[3.538s]    70 |         [01;31m[KRCLCPP_INFO[m[K(this->get_logger(),"Êèê‰∫§ÁöÑÂÄºÂêàÊ≥ï");
[3.538s]       |         [01;31m[K^~~~~~~~~~~[m[K
[3.538s] [01m[K/home/lrm/ws01_plumbing/src/cpp03_action/src/demo01_action_server.cpp:70:9:[m[K [01;31m[Kerror: [m[Kexpected unqualified-id before ‚Äò[01m[Kwhile[m[K‚Äô
[3.538s]    70 |         [01;31m[KRCLCPP_INFO[m[K(this->get_logger(),"Êèê‰∫§ÁöÑÂÄºÂêàÊ≥ï");
[3.538s]       |         [01;31m[K^~~~~~~~~~~[m[K
[3.538s] [01m[K/home/lrm/ws01_plumbing/src/cpp03_action/src/demo01_action_server.cpp:71:9:[m[K [01;31m[Kerror: [m[Kexpected unqualified-id before ‚Äò[01m[Kreturn[m[K‚Äô
[3.538s]    71 |         [01;31m[Kreturn[m[K rclcpp_action::GoalResponse::ACCEPT_AND_EXECUTE;
[3.538s]       |         [01;31m[K^~~~~~[m[K
[3.556s] [01m[K/home/lrm/ws01_plumbing/src/cpp03_action/src/demo01_action_server.cpp:[m[K In constructor ‚Äò[01m[KProgressActionServer::ProgressActionServer()[m[K‚Äô:
[3.556s] [01m[K/home/lrm/ws01_plumbing/src/cpp03_action/src/demo01_action_server.cpp:47:9:[m[K [01;31m[Kerror: [m[K‚Äò[01m[Kserver_[m[K‚Äô was not declared in this scope
[3.556s]    47 |         [01;31m[Kserver_[m[K = rclcpp_action::create_server<Progress>(
[3.557s]       |         [01;31m[K^~~~~~~[m[K
[3.566s] [01m[K/home/lrm/ws01_plumbing/src/cpp03_action/src/demo01_action_server.cpp:51:46:[m[K [01;31m[Kerror: [m[K‚Äò[01m[Khandle_cancel[m[K‚Äô is not a member of ‚Äò[01m[KProgressActionServer[m[K‚Äô
[3.566s]    51 |             std::bind(&ProgressActionServer::[01;31m[Khandle_cancel[m[K,this,_1),
[3.566s]       |                                              [01;31m[K^~~~~~~~~~~~~[m[K
[3.566s] [01m[K/home/lrm/ws01_plumbing/src/cpp03_action/src/demo01_action_server.cpp:52:46:[m[K [01;31m[Kerror: [m[K‚Äò[01m[Khandle_accepted[m[K‚Äô is not a member of ‚Äò[01m[KProgressActionServer[m[K‚Äô
[3.566s]    52 |             std::bind(&ProgressActionServer::[01;31m[Khandle_accepted[m[K,this,_1)
[3.566s]       |                                              [01;31m[K^~~~~~~~~~~~~~~[m[K
[3.581s] [01m[K/home/lrm/ws01_plumbing/src/cpp03_action/src/demo01_action_server.cpp:[m[K In member function ‚Äò[01m[Krclcpp_action::GoalResponse ProgressActionServer::handle_goal(const GoalUUID&, std::shared_ptr<const base_interfaces_demo::action::Progress_Goal_<std::allocator<void> > >)[m[K‚Äô:
[3.581s] [01m[K/home/lrm/ws01_plumbing/src/cpp03_action/src/demo01_action_server.cpp:65:12:[m[K [01;31m[Kerror: [m[K‚Äò[01m[Kgoal[m[K‚Äô was not declared in this scope
[3.581s]    65 |         if([01;31m[Kgoal[m[K->num <= 1){
[3.582s]       |            [01;31m[K^~~~[m[K
[3.582s] [01m[K/home/lrm/ws01_plumbing/src/cpp03_action/src/demo01_action_server.cpp:[m[K At global scope:
[3.582s] [01m[K/home/lrm/ws01_plumbing/src/cpp03_action/src/demo01_action_server.cpp:78:35:[m[K [01;31m[Kerror: [m[Kexpected initializer before ‚Äò[01m[Khandle_cancel[m[K‚Äô
[3.582s]    78 |     rclcpp_action::CancelResponse [01;31m[Khandle_cancel[m[K(std::shared_ptr<rclcpp_action::ServerGoalHandle<Progress>> goal_handle)
[3.582s]       |                                   [01;31m[K^~~~~~~~~~~~~[m[K
[3.587s] [01m[K/home/lrm/ws01_plumbing/src/cpp03_action/src/demo01_action_server.cpp:[m[K In function ‚Äò[01m[Kvoid handle_accepted(std::shared_ptr<rclcpp_action::ServerGoalHandle<base_interfaces_demo::action::Progress> >)[m[K‚Äô:
[3.587s] [01m[K/home/lrm/ws01_plumbing/src/cpp03_action/src/demo01_action_server.cpp:88:85:[m[K [01;35m[Kwarning: [m[Kunused parameter ‚Äò[01m[Kgoal_handle[m[K‚Äô [[01;35m[K]8;;https://gcc.gnu.org/onlinedocs/gcc/Warning-Options.html#index-Wunused-parameter-Wunused-parameter]8;;[m[K]
[3.587s]    88 |     void handle_accepted([01;35m[Kstd::shared_ptr<rclcpp_action::ServerGoalHandle<Progress>> goal_handle[m[K)
[3.587s]       |                          [01;35m[K~~~~~~~~~~~~~~~~~~~~~~~~~~~~~~~~~~~~~~~~~~~~~~~~~~~~~~~~~~~^~~~~~~~~~~[m[K
[3.587s] [01m[K/home/lrm/ws01_plumbing/src/cpp03_action/src/demo01_action_server.cpp:[m[K At global scope:
[3.587s] [01m[K/home/lrm/ws01_plumbing/src/cpp03_action/src/demo01_action_server.cpp:96:1:[m[K [01;31m[Kerror: [m[Kexpected unqualified-id before ‚Äò[01m[Kprivate[m[K‚Äô
[3.587s]    96 | [01;31m[Kprivate[m[K:
[3.587s]       | [01;31m[K^~~~~~~[m[K
[3.588s] [01m[K/home/lrm/ws01_plumbing/src/cpp03_action/src/demo01_action_server.cpp:98:1:[m[K [01;31m[Kerror: [m[Kexpected declaration before ‚Äò[01m[K}[m[K‚Äô token
[3.588s]    98 | [01;31m[K}[m[K;
[3.588s]       | [01;31m[K^[m[K
[4.321s] gmake[2]: *** [CMakeFiles/demo01_action_server.dir/build.make:76ÔºöCMakeFiles/demo01_action_server.dir/src/demo01_action_server.cpp.o] ÈîôËØØ 1
[4.321s] gmake[1]: *** [CMakeFiles/Makefile2:139ÔºöCMakeFiles/demo01_action_server.dir/all] ÈîôËØØ 2
[4.322s] gmake: *** [Makefile:146Ôºöall] ÈîôËØØ 2
[4.327s] Invoked command in '/home/lrm/ws01_plumbing/build/cpp03_action' returned '2': AMENT_PREFIX_PATH=/home/lrm/ws01_plumbing/install/base_interfaces_demo:${AMENT_PREFIX_PATH} CMAKE_PREFIX_PATH=/home/lrm/ws01_plumbing/install/base_interfaces_demo:/home/lrm/ws00_helloworld/install/turtlesim:/home/lrm/ws00_helloworld/install/pkg03_hellovscode_cpp:/home/lrm/ws00_helloworld/install/pkg01_helloworld_cpp:/home/lrm/ws00_helloworld/install/pkg02_helloworld_py:/opt/ros/humble LD_LIBRARY_PATH=/home/lrm/ws01_plumbing/install/base_interfaces_demo/lib:${LD_LIBRARY_PATH} PYTHONPATH=/home/lrm/ws01_plumbing/install/base_interfaces_demo/local/lib/python3.10/dist-packages:${PYTHONPATH} /usr/bin/cmake --build /home/lrm/ws01_plumbing/build/cpp03_action -- -j16 -l16
